<?xml version="1.0" encoding="UTF-8"?>
<!-- Generated by org.testng.reporters.JUnitReportReporter -->
<testsuite hostname="MacBookAir" failures="0" tests="1" name="com.qa.testrunners.MyTestRunner" time="78.177" errors="0" timestamp="2025-03-19T15:33:27 EDT" skipped="0">
  <testcase classname="com.qa.testrunners.MyTestRunner" name="runScenario" time="78.177"/>
</testsuite> <!-- com.qa.testrunners.MyTestRunner -->
