<?xml version="1.0" encoding="UTF-8"?>
<!-- Generated by org.testng.reporters.JUnitReportReporter -->
<testsuite hostname="MacBookAir" failures="0" tests="1" name="com.qa.testrunners.MyTestRunner" time="305.757" errors="0" timestamp="2025-02-23T12:31:36 EST" skipped="0">
  <testcase classname="com.qa.testrunners.MyTestRunner" name="runScenario" time="305.757"/>
</testsuite> <!-- com.qa.testrunners.MyTestRunner -->
