<?xml version="1.0" encoding="UTF-8"?>
<!-- Generated by org.testng.reporters.JUnitReportReporter -->
<testsuite hostname="MacBookAir" failures="0" tests="1" name="com.qa.testrunners.MyTestRunner" time="39.916" errors="0" timestamp="2025-01-30T11:37:24 EST" skipped="0">
  <testcase classname="com.qa.testrunners.MyTestRunner" name="runScenario" time="39.916"/>
</testsuite> <!-- com.qa.testrunners.MyTestRunner -->
